<?xml version="1.0" encoding="UTF-8"?>
<!-- Generated by org.testng.reporters.JUnitReportReporter -->
<testsuite hostname="testengineer" failures="0" tests="3" name="testPackage.testLogin" time="2.542" errors="0" timestamp="2022-08-24T19:47:55 EDT" skipped="0">
  <testcase classname="testPackage.testLogin" name="test1" time="0.030"/>
  <system-out/>
  <testcase classname="testPackage.testLogin" name="testGoogle" time="2.511"/>
  <system-out/>
  <testcase classname="testPackage.testLogin" name="test2" time="0.001"/>
  <system-out/>
</testsuite> <!-- testPackage.testLogin -->
