<?xml version="1.0" encoding="UTF-8"?>
<!-- Generated by org.testng.reporters.JUnitReportReporter -->
<testsuite hostname="testengineer" failures="0" tests="5" name="testPackage.testLogin" time="3.244" errors="0" timestamp="2022-08-24T19:35:23 EDT" skipped="2">
  <testcase classname="testPackage.testLogin" name="test2" time="0.000"/>
  <system-out/>
  <testcase classname="testPackage.testLogin" name="test1" time="0.027">
    <skipped/>
  </testcase> <!-- test1 -->
  <system-out/>
  <testcase classname="testPackage.testLogin" name="test1" time="0.006"/>
  <system-out/>
  <testcase classname="testPackage.testLogin" name="testGoogle" time="3.103"/>
  <system-out/>
  <testcase classname="testPackage.testLogin" name="test2" time="0.108">
    <skipped/>
  </testcase> <!-- test2 -->
  <system-out/>
</testsuite> <!-- testPackage.testLogin -->
